<?xml version="1.0" encoding="UTF-8"?>
<testsuite xmlns:xsi="http://www.w3.org/2001/XMLSchema-instance" xsi:noNamespaceSchemaLocation="https://maven.apache.org/surefire/maven-surefire-plugin/xsd/surefire-test-report-3.0.xsd" version="3.0" name="org.acme.ExampleResourceTest" time="29.874" tests="1" errors="0" skipped="0" failures="0">
  <properties>
[...]
</properties>
  <testcase name="testHelloEndpoint" classname="org.acme.ExampleResourceTest" time="3.859">
    <system-out><![CDATA[2021-08-05 23:43:09,493 WARN  [io.qua.dat.dep.dev.DevServicesDatasourceProcessor] (build-42) Unable to determine a database type for default datasource
2021-08-05 23:43:18,231 WARN  [io.sma.graphql] (main) SRGQL010000: Schema is null, or it has no operations. Not bootstrapping SmallRye GraphQL
2021-08-05 23:43:23,261 WARN  [io.qua.ver.cor.run.VertxCoreRecorder] (main) Unable to make the Vert.x cache directory (C:\Users\Luciana\AppData\Local\Temp\vertx-cache) world readable and writable
2021-08-05 23:43:24,049 INFO  [io.quarkus] (main) Quarkus 2.1.0.Final on JVM started in 17.087s. Listening on: http://localhost:8081
2021-08-05 23:43:24,050 INFO  [io.quarkus] (main) Profile test activated. 
2021-08-05 23:43:24,050 INFO  [io.quarkus] (main) Installed features: [agroal, cdi, hibernate-orm, jdbc-postgresql, narayana-jta, resteasy, resteasy-jackson, smallrye-context-propagation, smallrye-graphql]
]]></system-out>
  </testcase>
</testsuite>